<?xml version="1.0" encoding="UTF-8"?>
<!-- Generated by org.testng.reporters.JUnitReportReporter -->
<testsuite hostname="TYSS-Amarnath" failures="0" tests="3" name="xml_TESTNG.Groups_TestNG" time="0.010" errors="0" timestamp="2025-09-01T00:37:22 IST" skipped="0">
  <testcase classname="xml_TESTNG.Groups_TestNG" name="test1" time="0.008"/>
  <testcase classname="xml_TESTNG.Groups_TestNG" name="test4" time="0.001"/>
  <testcase classname="xml_TESTNG.Groups_TestNG" name="test2" time="0.001"/>
</testsuite> <!-- xml_TESTNG.Groups_TestNG -->
