<?xml version="1.0" encoding="UTF-8"?>
<!-- Generated by org.testng.reporters.JUnitReportReporter -->
<testsuite hostname="TYSS-Amarnath" failures="0" tests="2" name="HRM_Framework.HRM_Framework.AppTest" time="7.513" errors="0" timestamp="2025-08-26T16:33:59 IST" skipped="0">
  <testcase classname="HRM_Framework.HRM_Framework.AppTest" name="test1" time="5.413"/>
  <testcase classname="HRM_Framework.HRM_Framework.AppTest" name="test2" time="2.100"/>
</testsuite> <!-- HRM_Framework.HRM_Framework.AppTest -->
