<?xml version="1.0" encoding="UTF-8"?>
<!-- Generated by org.testng.reporters.JUnitReportReporter -->
<testsuite hostname="TYSS-Amarnath" failures="0" tests="1" name="HRM_Framework.HRM_Framework.Dropdown" time="17.855" errors="0" timestamp="2025-08-26T19:32:08 IST" skipped="0">
  <testcase classname="HRM_Framework.HRM_Framework.Dropdown" name="test1" time="17.855"/>
</testsuite> <!-- HRM_Framework.HRM_Framework.Dropdown -->
